2012/06/28 11:46:10 [error] [exception.CHttpException.404] exception 'CHttpException' with message 'The system is unable to find the requested action "rptlr".' in /var/www/framework/web/CController.php:477
Stack trace:
#0 /var/www/framework/web/CController.php(262): CController->missingAction('rptlr')
#1 /var/www/framework/web/CWebApplication.php(277): CController->run('rptlr')
#2 /var/www/framework/web/CWebApplication.php(136): CWebApplication->runController('fico/rptlr')
#3 /var/www/framework/base/CApplication.php(158): CWebApplication->processRequest()
#4 /var/www/sangkilbiz2/index.php(13): CApplication->run()
#5 {main} REQUEST_URI=/sangkilbiz2/index.php?r=fico/rptlr
2012/06/28 11:46:11 [error] [exception.CHttpException.404] exception 'CHttpException' with message 'The system is unable to find the requested action "rptbalance".' in /var/www/framework/web/CController.php:477
Stack trace:
#0 /var/www/framework/web/CController.php(262): CController->missingAction('rptbalance')
#1 /var/www/framework/web/CWebApplication.php(277): CController->run('rptbalance')
#2 /var/www/framework/web/CWebApplication.php(136): CWebApplication->runController('fico/rptbalance')
#3 /var/www/framework/base/CApplication.php(158): CWebApplication->processRequest()
#4 /var/www/sangkilbiz2/index.php(13): CApplication->run()
#5 {main} REQUEST_URI=/sangkilbiz2/index.php?r=fico/rptbalance
2012/06/28 11:46:15 [error] [exception.CException] exception 'CException' with message 'Property "FicoNcoa.cdfigroup" is not defined.' in /var/www/framework/base/CComponent.php:131
Stack trace:
#0 /var/www/framework/db/ar/CActiveRecord.php(129): CComponent->__get('cdfigroup')
#1 /var/www/framework/web/helpers/CHtml.php(2063): CActiveRecord->__get('cdfigroup')
#2 /var/www/framework/web/helpers/CHtml.php(1397): CHtml::resolveValue(Object(FicoNcoa), 'cdfigroup')
#3 /var/www/sangkilbiz2/protected/views/fico/coangroup.php(304): CHtml::activeDropDownList(Object(FicoNcoa), 'cdfigroup', Array, Array)
#4 /var/www/framework/web/CBaseController.php(119): require('/var/www/sangki...')
#5 /var/www/framework/web/CBaseController.php(88): CBaseController->renderInternal('/var/www/sangki...', Array, true)
#6 /var/www/framework/web/CController.php(866): CBaseController->renderFile('/var/www/sangki...', Array, true)
#7 /var/www/framework/web/CController.php(779): CController->renderPartial('coangroup', Array, true)
#8 /var/www/sangkilbiz2/protected/controllers/FicoController.php(88): CController->render('coangroup', Array)
#9 /var/www/framework/web/actions/CInlineAction.php(50): FicoController->actionCoangroup()
#10 /var/www/framework/web/CController.php(300): CInlineAction->runWithParams(Array)
#11 /var/www/framework/web/filters/CFilterChain.php(134): CController->runAction(Object(CInlineAction))
#12 /var/www/framework/web/filters/CFilter.php(41): CFilterChain->run()
#13 /var/www/framework/web/CController.php(1144): CFilter->filter(Object(CFilterChain))
#14 /var/www/framework/web/filters/CInlineFilter.php(59): CController->filterAccessControl(Object(CFilterChain))
#15 /var/www/framework/web/filters/CFilterChain.php(131): CInlineFilter->filter(Object(CFilterChain))
#16 /var/www/framework/web/CController.php(283): CFilterChain->run()
#17 /var/www/framework/web/CController.php(257): CController->runActionWithFilters(Object(CInlineAction), Array)
#18 /var/www/framework/web/CWebApplication.php(277): CController->run('coangroup')
#19 /var/www/framework/web/CWebApplication.php(136): CWebApplication->runController('fico/coangroup')
#20 /var/www/framework/base/CApplication.php(158): CWebApplication->processRequest()
#21 /var/www/sangkilbiz2/index.php(13): CApplication->run()
#22 {main} REQUEST_URI=/sangkilbiz2/index.php?r=fico/coangroup
2012/06/28 11:47:15 [error] [exception.CException] exception 'CException' with message 'Property "FicoNcoa.cdfigroup" is not defined.' in /var/www/framework/base/CComponent.php:131
Stack trace:
#0 /var/www/framework/db/ar/CActiveRecord.php(129): CComponent->__get('cdfigroup')
#1 /var/www/framework/web/helpers/CHtml.php(2063): CActiveRecord->__get('cdfigroup')
#2 /var/www/framework/web/helpers/CHtml.php(1397): CHtml::resolveValue(Object(FicoNcoa), 'cdfigroup')
#3 /var/www/sangkilbiz2/protected/views/fico/coangroup.php(304): CHtml::activeDropDownList(Object(FicoNcoa), 'cdfigroup', Array, Array)
#4 /var/www/framework/web/CBaseController.php(119): require('/var/www/sangki...')
#5 /var/www/framework/web/CBaseController.php(88): CBaseController->renderInternal('/var/www/sangki...', Array, true)
#6 /var/www/framework/web/CController.php(866): CBaseController->renderFile('/var/www/sangki...', Array, true)
#7 /var/www/framework/web/CController.php(779): CController->renderPartial('coangroup', Array, true)
#8 /var/www/sangkilbiz2/protected/controllers/FicoController.php(88): CController->render('coangroup', Array)
#9 /var/www/framework/web/actions/CInlineAction.php(50): FicoController->actionCoangroup()
#10 /var/www/framework/web/CController.php(300): CInlineAction->runWithParams(Array)
#11 /var/www/framework/web/filters/CFilterChain.php(134): CController->runAction(Object(CInlineAction))
#12 /var/www/framework/web/filters/CFilter.php(41): CFilterChain->run()
#13 /var/www/framework/web/CController.php(1144): CFilter->filter(Object(CFilterChain))
#14 /var/www/framework/web/filters/CInlineFilter.php(59): CController->filterAccessControl(Object(CFilterChain))
#15 /var/www/framework/web/filters/CFilterChain.php(131): CInlineFilter->filter(Object(CFilterChain))
#16 /var/www/framework/web/CController.php(283): CFilterChain->run()
#17 /var/www/framework/web/CController.php(257): CController->runActionWithFilters(Object(CInlineAction), Array)
#18 /var/www/framework/web/CWebApplication.php(277): CController->run('coangroup')
#19 /var/www/framework/web/CWebApplication.php(136): CWebApplication->runController('fico/coangroup')
#20 /var/www/framework/base/CApplication.php(158): CWebApplication->processRequest()
#21 /var/www/sangkilbiz2/index.php(13): CApplication->run()
#22 {main} REQUEST_URI=/sangkilbiz2/index.php?r=fico/coangroup
2012/06/29 11:35:47 [error] [php] Undefined index: id (/var/www/sangkilbiz2/protected/controllers/FicoController.php:117)
Stack trace:
#0 /var/www/framework/web/filters/CFilterChain.php(134): FicoController->runAction()
#1 /var/www/framework/web/filters/CFilter.php(41): CFilterChain->run()
#2 /var/www/framework/web/CController.php(1144): CAccessControlFilter->filter()
#3 /var/www/framework/web/filters/CInlineFilter.php(59): FicoController->filterAccessControl()
#4 /var/www/framework/web/filters/CFilterChain.php(131): CInlineFilter->filter()
#5 /var/www/framework/web/CController.php(283): CFilterChain->run()
#6 /var/www/framework/web/CController.php(257): FicoController->runActionWithFilters()
#7 /var/www/framework/web/CWebApplication.php(277): FicoController->run()
#8 /var/www/framework/web/CWebApplication.php(136): CWebApplication->runController()
#9 /var/www/framework/base/CApplication.php(158): CWebApplication->processRequest()
#10 /var/www/sangkilbiz2/index.php(13): CWebApplication->run()
REQUEST_URI=/sangkilbiz2/index.php?r=fico/nCoaTree
in /var/www/sangkilbiz2/protected/controllers/FicoController.php (117)
in /var/www/sangkilbiz2/index.php (13)
2012/06/29 11:35:48 [error] [php] Undefined index: id (/var/www/sangkilbiz2/protected/controllers/FicoController.php:117)
Stack trace:
#0 /var/www/framework/web/filters/CFilterChain.php(134): FicoController->runAction()
#1 /var/www/framework/web/filters/CFilter.php(41): CFilterChain->run()
#2 /var/www/framework/web/CController.php(1144): CAccessControlFilter->filter()
#3 /var/www/framework/web/filters/CInlineFilter.php(59): FicoController->filterAccessControl()
#4 /var/www/framework/web/filters/CFilterChain.php(131): CInlineFilter->filter()
#5 /var/www/framework/web/CController.php(283): CFilterChain->run()
#6 /var/www/framework/web/CController.php(257): FicoController->runActionWithFilters()
#7 /var/www/framework/web/CWebApplication.php(277): FicoController->run()
#8 /var/www/framework/web/CWebApplication.php(136): CWebApplication->runController()
#9 /var/www/framework/base/CApplication.php(158): CWebApplication->processRequest()
#10 /var/www/sangkilbiz2/index.php(13): CWebApplication->run()
REQUEST_URI=/sangkilbiz2/index.php?r=fico/nCoaTree
in /var/www/sangkilbiz2/protected/controllers/FicoController.php (117)
in /var/www/sangkilbiz2/index.php (13)
2012/06/29 11:35:49 [error] [php] Undefined index: id (/var/www/sangkilbiz2/protected/controllers/FicoController.php:117)
Stack trace:
#0 /var/www/framework/web/filters/CFilterChain.php(134): FicoController->runAction()
#1 /var/www/framework/web/filters/CFilter.php(41): CFilterChain->run()
#2 /var/www/framework/web/CController.php(1144): CAccessControlFilter->filter()
#3 /var/www/framework/web/filters/CInlineFilter.php(59): FicoController->filterAccessControl()
#4 /var/www/framework/web/filters/CFilterChain.php(131): CInlineFilter->filter()
#5 /var/www/framework/web/CController.php(283): CFilterChain->run()
#6 /var/www/framework/web/CController.php(257): FicoController->runActionWithFilters()
#7 /var/www/framework/web/CWebApplication.php(277): FicoController->run()
#8 /var/www/framework/web/CWebApplication.php(136): CWebApplication->runController()
#9 /var/www/framework/base/CApplication.php(158): CWebApplication->processRequest()
#10 /var/www/sangkilbiz2/index.php(13): CWebApplication->run()
REQUEST_URI=/sangkilbiz2/index.php?r=fico/nCoaTree
in /var/www/sangkilbiz2/protected/controllers/FicoController.php (117)
in /var/www/sangkilbiz2/index.php (13)
2012/06/29 11:35:50 [error] [php] Undefined index: id (/var/www/sangkilbiz2/protected/controllers/FicoController.php:117)
Stack trace:
#0 /var/www/framework/web/filters/CFilterChain.php(134): FicoController->runAction()
#1 /var/www/framework/web/filters/CFilter.php(41): CFilterChain->run()
#2 /var/www/framework/web/CController.php(1144): CAccessControlFilter->filter()
#3 /var/www/framework/web/filters/CInlineFilter.php(59): FicoController->filterAccessControl()
#4 /var/www/framework/web/filters/CFilterChain.php(131): CInlineFilter->filter()
#5 /var/www/framework/web/CController.php(283): CFilterChain->run()
#6 /var/www/framework/web/CController.php(257): FicoController->runActionWithFilters()
#7 /var/www/framework/web/CWebApplication.php(277): FicoController->run()
#8 /var/www/framework/web/CWebApplication.php(136): CWebApplication->runController()
#9 /var/www/framework/base/CApplication.php(158): CWebApplication->processRequest()
#10 /var/www/sangkilbiz2/index.php(13): CWebApplication->run()
REQUEST_URI=/sangkilbiz2/index.php?r=fico/nCoaTree
in /var/www/sangkilbiz2/protected/controllers/FicoController.php (117)
in /var/www/sangkilbiz2/index.php (13)
2012/06/29 11:36:00 [error] [php] Undefined index: id (/var/www/sangkilbiz2/protected/controllers/FicoController.php:117)
Stack trace:
#0 /var/www/framework/web/filters/CFilterChain.php(134): FicoController->runAction()
#1 /var/www/framework/web/filters/CFilter.php(41): CFilterChain->run()
#2 /var/www/framework/web/CController.php(1144): CAccessControlFilter->filter()
#3 /var/www/framework/web/filters/CInlineFilter.php(59): FicoController->filterAccessControl()
#4 /var/www/framework/web/filters/CFilterChain.php(131): CInlineFilter->filter()
#5 /var/www/framework/web/CController.php(283): CFilterChain->run()
#6 /var/www/framework/web/CController.php(257): FicoController->runActionWithFilters()
#7 /var/www/framework/web/CWebApplication.php(277): FicoController->run()
#8 /var/www/framework/web/CWebApplication.php(136): CWebApplication->runController()
#9 /var/www/framework/base/CApplication.php(158): CWebApplication->processRequest()
#10 /var/www/sangkilbiz2/index.php(13): CWebApplication->run()
REQUEST_URI=/sangkilbiz2/index.php?r=fico/nCoaTree
in /var/www/sangkilbiz2/protected/controllers/FicoController.php (117)
in /var/www/sangkilbiz2/index.php (13)
2012/06/29 11:36:01 [error] [php] Undefined index: id (/var/www/sangkilbiz2/protected/controllers/FicoController.php:117)
Stack trace:
#0 /var/www/framework/web/filters/CFilterChain.php(134): FicoController->runAction()
#1 /var/www/framework/web/filters/CFilter.php(41): CFilterChain->run()
#2 /var/www/framework/web/CController.php(1144): CAccessControlFilter->filter()
#3 /var/www/framework/web/filters/CInlineFilter.php(59): FicoController->filterAccessControl()
#4 /var/www/framework/web/filters/CFilterChain.php(131): CInlineFilter->filter()
#5 /var/www/framework/web/CController.php(283): CFilterChain->run()
#6 /var/www/framework/web/CController.php(257): FicoController->runActionWithFilters()
#7 /var/www/framework/web/CWebApplication.php(277): FicoController->run()
#8 /var/www/framework/web/CWebApplication.php(136): CWebApplication->runController()
#9 /var/www/framework/base/CApplication.php(158): CWebApplication->processRequest()
#10 /var/www/sangkilbiz2/index.php(13): CWebApplication->run()
REQUEST_URI=/sangkilbiz2/index.php?r=fico/nCoaTree
in /var/www/sangkilbiz2/protected/controllers/FicoController.php (117)
in /var/www/sangkilbiz2/index.php (13)
2012/06/29 11:47:15 [error] [exception.CHttpException.404] exception 'CHttpException' with message 'The system is unable to find the requested action "Ncoa".' in /var/www/framework/web/CController.php:477
Stack trace:
#0 /var/www/framework/web/CController.php(262): CController->missingAction('Ncoa')
#1 /var/www/framework/web/CWebApplication.php(277): CController->run('Ncoa')
#2 /var/www/framework/web/CWebApplication.php(136): CWebApplication->runController('fico/Ncoa')
#3 /var/www/framework/base/CApplication.php(158): CWebApplication->processRequest()
#4 /var/www/sangkilbiz2/index.php(13): CApplication->run()
#5 {main} REQUEST_URI=/sangkilbiz2/index.php?r=fico/Ncoa
